<?xml version="1.0" encoding="UTF-8"?>
<!-- Generated by org.testng.reporters.JUnitReportReporter -->
<testsuite hostname="RAHIL" failures="0" tests="1" name="TestLayer.LoginpageTest" time="16.312" errors="0" timestamp="2023-02-11T16:00:46 IST" skipped="0">
  <testcase classname="TestLayer.LoginpageTest" name="LoginpageFunctinality" time="16.312"/>
  <system-out/>
</testsuite> <!-- TestLayer.LoginpageTest -->
